{"name":"get_ancestor_file","status":"failed","statusDetails":{"known":false,"muted":false,"flaky":false,"message":"Element not found {#action-bar .v-btn__content[3]}\nExpected: visible\nScreenshot: file:/home/rav/test_api_drive/build/reports/tests/1624522580498.0.png\nPage source: file:/home/rav/test_api_drive/build/reports/tests/1624522580498.0.html\nTimeout: 4 s.\nCaused by: java.lang.IndexOutOfBoundsException: Index 3 out of bounds for length 0","trace":"Element not found {#action-bar .v-btn__content[3]}\nExpected: visible\nScreenshot: file:/home/rav/test_api_drive/build/reports/tests/1624522580498.0.png\nPage source: file:/home/rav/test_api_drive/build/reports/tests/1624522580498.0.html\nTimeout: 4 s.\nCaused by: java.lang.IndexOutOfBoundsException: Index 3 out of bounds for length 0\n\tat com.codeborne.selenide.impl.CollectionElement.createElementNotFoundError(CollectionElement.java:61)\n\tat com.codeborne.selenide.impl.WebElementSource.checkCondition(WebElementSource.java:114)\n\tat com.codeborne.selenide.impl.WebElementSource.findAndAssertElementIsInteractable(WebElementSource.java:139)\n\tat com.codeborne.selenide.commands.Click.execute(Click.java:24)\n\tat com.codeborne.selenide.commands.Click.execute(Click.java:16)\n\tat com.codeborne.selenide.commands.Commands.execute(Commands.java:155)\n\tat com.codeborne.selenide.impl.SelenideElementProxy.dispatchAndRetry(SelenideElementProxy.java:133)\n\tat com.codeborne.selenide.impl.SelenideElementProxy.invoke(SelenideElementProxy.java:85)\n\tat jdk.proxy2/jdk.proxy2.$Proxy21.click(Unknown Source)\n\tat Pages.Transfer_a_file_to_a_folder.Transfer_a_file_to_a_folder(Transfer_a_file_to_a_folder.java:107)\n\tat Tests.Get_ancestors_file.get_ancestor_file(Get_ancestors_file.java:25)\n\tat java.base/jdk.internal.reflect.NativeMethodAccessorImpl.invoke0(Native Method)\n\tat java.base/jdk.internal.reflect.NativeMethodAccessorImpl.invoke(NativeMethodAccessorImpl.java:78)\n\tat java.base/jdk.internal.reflect.DelegatingMethodAccessorImpl.invoke(DelegatingMethodAccessorImpl.java:43)\n\tat java.base/java.lang.reflect.Method.invoke(Method.java:567)\n\tat org.testng.internal.MethodInvocationHelper.invokeMethod(MethodInvocationHelper.java:134)\n\tat org.testng.internal.TestInvoker.invokeMethod(TestInvoker.java:597)\n\tat org.testng.internal.TestInvoker.invokeTestMethod(TestInvoker.java:173)\n\tat org.testng.internal.MethodRunner.runInSequence(MethodRunner.java:46)\n\tat org.testng.internal.TestInvoker$MethodInvocationAgent.invoke(TestInvoker.java:816)\n\tat org.testng.internal.TestInvoker.invokeTestMethods(TestInvoker.java:146)\n\tat org.testng.internal.TestMethodWorker.invokeTestMethods(TestMethodWorker.java:146)\n\tat org.testng.internal.TestMethodWorker.run(TestMethodWorker.java:128)\n\tat java.base/java.util.ArrayList.forEach(ArrayList.java:1511)\n\tat org.testng.TestRunner.privateRun(TestRunner.java:766)\n\tat org.testng.TestRunner.run(TestRunner.java:587)\n\tat org.testng.SuiteRunner.runTest(SuiteRunner.java:384)\n\tat org.testng.SuiteRunner.runSequentially(SuiteRunner.java:378)\n\tat org.testng.SuiteRunner.privateRun(SuiteRunner.java:337)\n\tat org.testng.SuiteRunner.run(SuiteRunner.java:286)\n\tat org.testng.SuiteRunnerWorker.runSuite(SuiteRunnerWorker.java:53)\n\tat org.testng.SuiteRunnerWorker.run(SuiteRunnerWorker.java:96)\n\tat org.testng.TestNG.runSuitesSequentially(TestNG.java:1187)\n\tat org.testng.TestNG.runSuitesLocally(TestNG.java:1109)\n\tat org.testng.TestNG.runSuites(TestNG.java:1039)\n\tat org.testng.TestNG.run(TestNG.java:1007)\n\tat com.intellij.rt.testng.IDEARemoteTestNG.run(IDEARemoteTestNG.java:66)\n\tat com.intellij.rt.testng.RemoteTestNGStarter.main(RemoteTestNGStarter.java:109)\nCaused by: java.lang.IndexOutOfBoundsException: Index 3 out of bounds for length 0\n\tat java.base/jdk.internal.util.Preconditions.outOfBounds(Preconditions.java:64)\n\tat java.base/jdk.internal.util.Preconditions.outOfBoundsCheckIndex(Preconditions.java:70)\n\tat java.base/jdk.internal.util.Preconditions.checkIndex(Preconditions.java:266)\n\tat java.base/java.util.Objects.checkIndex(Objects.java:359)\n\tat java.base/java.util.ArrayList.get(ArrayList.java:427)\n\tat com.codeborne.selenide.impl.WebElementSelector.findElement(WebElementSelector.java:34)\n\tat com.codeborne.selenide.impl.BySelectorCollection.getElement(BySelectorCollection.java:47)\n\tat com.codeborne.selenide.impl.CollectionElement.getWebElement(CollectionElement.java:46)\n\tat com.codeborne.selenide.impl.WebElementSource.checkCondition(WebElementSource.java:99)\n\t... 36 more\n"},"stage":"finished","steps":[],"attachments":[],"parameters":[],"start":1624522569399,"stop":1624522580844,"uuid":"8c308444-1f02-4ff9-84be-fa6411f46270","historyId":"aebec22f193126ef9b6831324de7f57f","fullName":"Tests.Get_ancestors_file.get_ancestor_file","labels":[{"name":"package","value":"Tests.Get_ancestors_file"},{"name":"testClass","value":"Tests.Get_ancestors_file"},{"name":"testMethod","value":"get_ancestor_file"},{"name":"parentSuite","value":"Suite"},{"name":"suite","value":"2"},{"name":"subSuite","value":"Tests.Get_ancestors_file"},{"name":"host","value":"rav-HP-ProDesk-600-G2-DM"},{"name":"thread","value":"16954@rav-HP-ProDesk-600-G2-DM.main(1)"},{"name":"framework","value":"testng"},{"name":"language","value":"java"}],"links":[]}